<?xml version="1.0" encoding="UTF-8"?>
<!-- Generated by org.testng.reporters.JUnitReportReporter -->
<testsuite skipped="0" hostname="EPUALVIW0358" name="com.epam.lab.gmail.GmailTest" tests="5" failures="0" timestamp="05 Aug 2017 13:26:16 GMT" time="170.260" errors="0">
  <testcase name="markMessagesToImportantAndDelete" time="31.498" classname="com.epam.lab.gmail.GmailTest"/>
  <testcase name="markMessagesToImportantAndDelete" time="38.559" classname="com.epam.lab.gmail.GmailTest"/>
  <testcase name="markMessagesToImportantAndDelete" time="38.575" classname="com.epam.lab.gmail.GmailTest"/>
  <testcase name="markMessagesToImportantAndDelete" time="35.284" classname="com.epam.lab.gmail.GmailTest"/>
  <testcase name="markMessagesToImportantAndDelete" time="26.344" classname="com.epam.lab.gmail.GmailTest"/>
</testsuite> <!-- com.epam.lab.gmail.GmailTest -->
