<?xml version="1.0" encoding="UTF-8"?>
<!-- Generated by org.testng.reporters.JUnitReportReporter -->
<testsuite skipped="0" hostname="EPUALVIW0358" name="com.epam.lab.gmail.GmailTest" tests="1" failures="0" timestamp="03 Aug 2017 13:35:14 GMT" time="34.224" errors="0">
  <testcase name="markMessagesToImportantAndDelete" time="34.224" classname="com.epam.lab.gmail.GmailTest"/>
</testsuite> <!-- com.epam.lab.gmail.GmailTest -->
