<?xml version="1.0" encoding="UTF-8"?>
<!-- Generated by org.testng.reporters.JUnitReportReporter -->
<testsuite skipped="0" hostname="EPUALVIW0358" name="com.epam.lab.gmail.MyTesting" tests="1" failures="0" timestamp="09 Aug 2017 14:46:19 GMT" time="28.558" errors="0">
  <testcase name="markMessagesToImportantAndDelete" time="28.558" classname="com.epam.lab.gmail.MyTesting"/>
</testsuite> <!-- com.epam.lab.gmail.MyTesting -->
