<?xml version="1.0" encoding="UTF-8"?>
<!-- Generated by org.testng.reporters.JUnitReportReporter -->
<testsuite skipped="0" hostname="EPUALVIW0358" name="com.epam.lab.gmail.GmailTest" tests="5" failures="0" timestamp="04 Aug 2017 06:47:32 GMT" time="184.024" errors="0">
  <testcase name="markMessagesToImportantAndDelete" time="41.755" classname="com.epam.lab.gmail.GmailTest"/>
  <testcase name="markMessagesToImportantAndDelete" time="40.156" classname="com.epam.lab.gmail.GmailTest"/>
  <testcase name="markMessagesToImportantAndDelete" time="33.517" classname="com.epam.lab.gmail.GmailTest"/>
  <testcase name="markMessagesToImportantAndDelete" time="30.268" classname="com.epam.lab.gmail.GmailTest"/>
  <testcase name="markMessagesToImportantAndDelete" time="38.328" classname="com.epam.lab.gmail.GmailTest"/>
</testsuite> <!-- com.epam.lab.gmail.GmailTest -->
