<?xml version="1.0" encoding="UTF-8"?>
<!-- Generated by org.testng.reporters.JUnitReportReporter -->
<testsuite skipped="0" hostname="EPUALVIW0358" name="com.epam.lab.gmail.GmailTest" tests="5" failures="1" timestamp="09 Aug 2017 14:50:47 GMT" time="183.413" errors="0">
  <testcase name="markMessagesToImportantAndDelete" time="31.749" classname="com.epam.lab.gmail.GmailTest"/>
  <testcase name="markMessagesToImportantAndDelete" time="30.778" classname="com.epam.lab.gmail.GmailTest">
    <failure type="java.lang.AssertionError" message="expected [false] but found [true]">
      <![CDATA[java.lang.AssertionError: expected [false] but found [true]
	at org.testng.Assert.fail(Assert.java:93)
	at org.testng.Assert.failNotEquals(Assert.java:512)
	at org.testng.Assert.assertFalse(Assert.java:62)
	at org.testng.Assert.assertFalse(Assert.java:72)
	at com.epam.lab.gmail.GmailTest.markMessagesToImportantAndDelete(GmailTest.java:57)
	at sun.reflect.NativeMethodAccessorImpl.invoke0(Native Method)
	at sun.reflect.NativeMethodAccessorImpl.invoke(NativeMethodAccessorImpl.java:62)
	at sun.reflect.DelegatingMethodAccessorImpl.invoke(DelegatingMethodAccessorImpl.java:43)
	at java.lang.reflect.Method.invoke(Method.java:498)
	at org.testng.internal.MethodInvocationHelper.invokeMethod(MethodInvocationHelper.java:108)
	at org.testng.internal.Invoker.invokeMethod(Invoker.java:661)
	at org.testng.internal.Invoker.invokeTestMethod(Invoker.java:869)
	at org.testng.internal.TestMethodWithDataProviderMethodWorker.call(TestMethodWithDataProviderMethodWorker.java:75)
	at org.testng.internal.TestMethodWithDataProviderMethodWorker.call(TestMethodWithDataProviderMethodWorker.java:14)
	at java.util.concurrent.FutureTask.run(FutureTask.java:266)
	at java.util.concurrent.Executors$RunnableAdapter.call(Executors.java:511)
	at java.util.concurrent.FutureTask.run(FutureTask.java:266)
	at java.util.concurrent.ThreadPoolExecutor.runWorker(ThreadPoolExecutor.java:1142)
	at java.util.concurrent.ThreadPoolExecutor$Worker.run(ThreadPoolExecutor.java:617)
	at java.lang.Thread.run(Thread.java:748)
]]>
    </failure>
  </testcase> <!-- markMessagesToImportantAndDelete -->
  <testcase name="markMessagesToImportantAndDelete" time="40.701" classname="com.epam.lab.gmail.GmailTest"/>
  <testcase name="markMessagesToImportantAndDelete" time="38.040" classname="com.epam.lab.gmail.GmailTest"/>
  <testcase name="markMessagesToImportantAndDelete" time="42.145" classname="com.epam.lab.gmail.GmailTest"/>
</testsuite> <!-- com.epam.lab.gmail.GmailTest -->
