<?xml version="1.0" encoding="UTF-8"?>
<!-- Generated by org.testng.reporters.JUnitReportReporter -->
<testsuite skipped="0" hostname="EPUALVIW0358" name="com.epam.lab.gmail.GmailTest" tests="5" failures="0" timestamp="03 Aug 2017 13:53:03 GMT" time="156.869" errors="0">
  <testcase name="markMessagesToImportantAndDelete" time="33.936" classname="com.epam.lab.gmail.GmailTest"/>
  <testcase name="markMessagesToImportantAndDelete" time="13.955" classname="com.epam.lab.gmail.GmailTest"/>
  <testcase name="markMessagesToImportantAndDelete" time="33.137" classname="com.epam.lab.gmail.GmailTest"/>
  <testcase name="markMessagesToImportantAndDelete" time="40.929" classname="com.epam.lab.gmail.GmailTest"/>
  <testcase name="markMessagesToImportantAndDelete" time="34.912" classname="com.epam.lab.gmail.GmailTest"/>
</testsuite> <!-- com.epam.lab.gmail.GmailTest -->
