<?xml version="1.0" encoding="UTF-8"?>
<!-- Generated by org.testng.reporters.JUnitReportReporter -->
<testsuite skipped="0" hostname="EPUALVIW0358" name="com.epam.lab.gmail.GmailTest" tests="5" failures="0" timestamp="03 Aug 2017 16:12:28 GMT" time="182.183" errors="0">
  <testcase name="markMessagesToImportantAndDelete" time="36.208" classname="com.epam.lab.gmail.GmailTest"/>
  <testcase name="markMessagesToImportantAndDelete" time="40.343" classname="com.epam.lab.gmail.GmailTest"/>
  <testcase name="markMessagesToImportantAndDelete" time="38.707" classname="com.epam.lab.gmail.GmailTest"/>
  <testcase name="markMessagesToImportantAndDelete" time="32.009" classname="com.epam.lab.gmail.GmailTest"/>
  <testcase name="markMessagesToImportantAndDelete" time="34.916" classname="com.epam.lab.gmail.GmailTest"/>
</testsuite> <!-- com.epam.lab.gmail.GmailTest -->
